[debug] [2025-07-16T20:21:56.156Z] ----------------------------------------------------------------------
[debug] [2025-07-16T20:21:56.168Z] Command:       C:\Program Files\nodejs\node.exe C:\Users\nacht\AppData\Roaming\npm\node_modules\firebase-tools\lib\bin\firebase.js deploy --only functions
[debug] [2025-07-16T20:21:56.169Z] CLI Version:   14.10.1
[debug] [2025-07-16T20:21:56.169Z] Platform:      win32
[debug] [2025-07-16T20:21:56.169Z] Node Version:  v22.14.0
[debug] [2025-07-16T20:21:56.170Z] Time:          Wed Jul 16 2025 17:21:56 GMT-0300 (hora estándar de Argentina)
[debug] [2025-07-16T20:21:56.170Z] ----------------------------------------------------------------------
[debug] 
[debug] [2025-07-16T20:21:56.503Z] > command requires scopes: ["email","openid","https://www.googleapis.com/auth/cloudplatformprojects.readonly","https://www.googleapis.com/auth/firebase","https://www.googleapis.com/auth/cloud-platform"]
[debug] [2025-07-16T20:21:56.504Z] > authorizing via signed-in user (nacho.vent@gmail.com)
[debug] [2025-07-16T20:21:56.504Z] [iam] checking project dimsure-93ebd for permissions ["cloudfunctions.functions.create","cloudfunctions.functions.delete","cloudfunctions.functions.get","cloudfunctions.functions.list","cloudfunctions.functions.update","cloudfunctions.operations.get","firebase.projects.get"]
[debug] [2025-07-16T20:21:56.507Z] Checked if tokens are valid: true, expires at: 1752699337378
[debug] [2025-07-16T20:21:56.508Z] Checked if tokens are valid: true, expires at: 1752699337378
[debug] [2025-07-16T20:21:56.510Z] >>> [apiv2][query] POST https://cloudresourcemanager.googleapis.com/v1/projects/dimsure-93ebd:testIamPermissions [none]
[debug] [2025-07-16T20:21:56.510Z] >>> [apiv2][(partial)header] POST https://cloudresourcemanager.googleapis.com/v1/projects/dimsure-93ebd:testIamPermissions x-goog-quota-user=projects/dimsure-93ebd
[debug] [2025-07-16T20:21:56.510Z] >>> [apiv2][body] POST https://cloudresourcemanager.googleapis.com/v1/projects/dimsure-93ebd:testIamPermissions {"permissions":["cloudfunctions.functions.create","cloudfunctions.functions.delete","cloudfunctions.functions.get","cloudfunctions.functions.list","cloudfunctions.functions.update","cloudfunctions.operations.get","firebase.projects.get"]}
[debug] [2025-07-16T20:21:57.456Z] <<< [apiv2][status] POST https://cloudresourcemanager.googleapis.com/v1/projects/dimsure-93ebd:testIamPermissions 200
[debug] [2025-07-16T20:21:57.457Z] <<< [apiv2][body] POST https://cloudresourcemanager.googleapis.com/v1/projects/dimsure-93ebd:testIamPermissions {"permissions":["cloudfunctions.functions.create","cloudfunctions.functions.delete","cloudfunctions.functions.get","cloudfunctions.functions.list","cloudfunctions.functions.update","cloudfunctions.operations.get","firebase.projects.get"]}
[debug] [2025-07-16T20:21:57.457Z] Checked if tokens are valid: true, expires at: 1752699337378
[debug] [2025-07-16T20:21:57.457Z] Checked if tokens are valid: true, expires at: 1752699337378
[debug] [2025-07-16T20:21:57.457Z] >>> [apiv2][query] POST https://iam.googleapis.com/v1/projects/dimsure-93ebd/serviceAccounts/dimsure-93ebd@appspot.gserviceaccount.com:testIamPermissions [none]
[debug] [2025-07-16T20:21:57.457Z] >>> [apiv2][body] POST https://iam.googleapis.com/v1/projects/dimsure-93ebd/serviceAccounts/dimsure-93ebd@appspot.gserviceaccount.com:testIamPermissions {"permissions":["iam.serviceAccounts.actAs"]}
[debug] [2025-07-16T20:21:58.312Z] <<< [apiv2][status] POST https://iam.googleapis.com/v1/projects/dimsure-93ebd/serviceAccounts/dimsure-93ebd@appspot.gserviceaccount.com:testIamPermissions 200
[debug] [2025-07-16T20:21:58.312Z] <<< [apiv2][body] POST https://iam.googleapis.com/v1/projects/dimsure-93ebd/serviceAccounts/dimsure-93ebd@appspot.gserviceaccount.com:testIamPermissions {"permissions":["iam.serviceAccounts.actAs"]}
[info] 
[info] === Deploying to 'dimsure-93ebd'...
[info] 
[info] i  deploying functions 
[debug] [2025-07-16T20:21:58.317Z] Checked if tokens are valid: true, expires at: 1752699337378
[debug] [2025-07-16T20:21:58.317Z] Checked if tokens are valid: true, expires at: 1752699337378
[debug] [2025-07-16T20:21:58.317Z] >>> [apiv2][query] GET https://cloudresourcemanager.googleapis.com/v1/projects/dimsure-93ebd [none]
[debug] [2025-07-16T20:21:58.534Z] <<< [apiv2][status] GET https://cloudresourcemanager.googleapis.com/v1/projects/dimsure-93ebd 200
[debug] [2025-07-16T20:21:58.534Z] <<< [apiv2][body] GET https://cloudresourcemanager.googleapis.com/v1/projects/dimsure-93ebd {"projectNumber":"669500898904","projectId":"dimsure-93ebd","lifecycleState":"ACTIVE","name":"dimsure","labels":{"firebase":"enabled","firebase-core":"disabled"},"createTime":"2025-06-18T22:31:34.981213Z"}
[info] i  functions: preparing codebase default for deployment 
[info] i  functions: ensuring required API cloudfunctions.googleapis.com is enabled... 
[info] i  functions: ensuring required API cloudbuild.googleapis.com is enabled... 
[info] i  artifactregistry: ensuring required API artifactregistry.googleapis.com is enabled... 
[debug] [2025-07-16T20:21:58.537Z] Checked if tokens are valid: true, expires at: 1752699337378
[debug] [2025-07-16T20:21:58.537Z] Checked if tokens are valid: true, expires at: 1752699337378
[debug] [2025-07-16T20:21:58.538Z] >>> [apiv2][query] GET https://firebase.googleapis.com/v1beta1/projects/dimsure-93ebd/adminSdkConfig [none]
[debug] [2025-07-16T20:21:58.965Z] <<< [apiv2][status] GET https://firebase.googleapis.com/v1beta1/projects/dimsure-93ebd/adminSdkConfig 200
[debug] [2025-07-16T20:21:58.965Z] <<< [apiv2][body] GET https://firebase.googleapis.com/v1beta1/projects/dimsure-93ebd/adminSdkConfig {"projectId":"dimsure-93ebd","storageBucket":"dimsure-93ebd.firebasestorage.app"}
[debug] [2025-07-16T20:21:58.965Z] Checked if tokens are valid: true, expires at: 1752699337378
[debug] [2025-07-16T20:21:58.965Z] Checked if tokens are valid: true, expires at: 1752699337378
[debug] [2025-07-16T20:21:58.965Z] >>> [apiv2][query] GET https://runtimeconfig.googleapis.com/v1beta1/projects/dimsure-93ebd/configs [none]
[debug] [2025-07-16T20:21:59.903Z] <<< [apiv2][status] GET https://runtimeconfig.googleapis.com/v1beta1/projects/dimsure-93ebd/configs 200
[debug] [2025-07-16T20:21:59.903Z] <<< [apiv2][body] GET https://runtimeconfig.googleapis.com/v1beta1/projects/dimsure-93ebd/configs {}
[debug] [2025-07-16T20:21:59.904Z] Validating nodejs source
[debug] [2025-07-16T20:22:01.407Z] > [functions] package.json contents: {
  "name": "dimsure-functions",
  "main": "lib/index.js",
  "scripts": {
    "build": "tsc",
    "deploy": "firebase deploy --only functions"
  },
  "dependencies": {
    "firebase-admin": "^13.4.0",
    "firebase-functions": "^6.4.0"
  },
  "devDependencies": {
    "typescript": "^5.0.0"
  }
}
[debug] [2025-07-16T20:22:01.408Z] Building nodejs source
[info] i  functions: Loading and analyzing source code for codebase default to determine what to deploy 
[debug] [2025-07-16T20:22:01.409Z] Could not find functions.yaml. Must use http discovery
[debug] [2025-07-16T20:22:01.422Z] Found firebase-functions binary at 'D:\Cosas\Dev\dimsure\functions\node_modules\.bin\firebase-functions'
[info] Serving at port 8023

[debug] [2025-07-16T20:22:07.266Z] Got response from /__/functions.yaml {"endpoints":{"grantProvisionalEditPermissions":{"platform":"gcfv1","availableMemoryMb":null,"timeoutSeconds":null,"minInstances":null,"maxInstances":null,"ingressSettings":null,"serviceAccountEmail":null,"vpc":null,"scheduleTrigger":{"schedule":"every 1 hours","retryConfig":{"retryCount":null,"maxDoublings":null,"maxRetryDuration":null,"maxBackoffDuration":null,"minBackoffDuration":null},"timeZone":null},"labels":{},"entryPoint":"grantProvisionalEditPermissions"}},"specVersion":"v1alpha1","requiredAPIs":[{"api":"cloudscheduler.googleapis.com","reason":"Needed for scheduled functions."}],"extensions":{}}
[info] i  extensions: ensuring required API firebaseextensions.googleapis.com is enabled... 
[debug] [2025-07-16T20:22:11.308Z] Checked if tokens are valid: true, expires at: 1752699337378
[debug] [2025-07-16T20:22:11.308Z] Checked if tokens are valid: true, expires at: 1752699337378
[debug] [2025-07-16T20:22:11.308Z] >>> [apiv2][query] GET https://serviceusage.googleapis.com/v1/projects/dimsure-93ebd/services/firebaseextensions.googleapis.com [none]
[debug] [2025-07-16T20:22:11.308Z] >>> [apiv2][(partial)header] GET https://serviceusage.googleapis.com/v1/projects/dimsure-93ebd/services/firebaseextensions.googleapis.com x-goog-quota-user=projects/dimsure-93ebd
[debug] [2025-07-16T20:22:12.379Z] <<< [apiv2][status] GET https://serviceusage.googleapis.com/v1/projects/dimsure-93ebd/services/firebaseextensions.googleapis.com 200
[debug] [2025-07-16T20:22:12.380Z] <<< [apiv2][body] GET https://serviceusage.googleapis.com/v1/projects/dimsure-93ebd/services/firebaseextensions.googleapis.com [omitted]
[warn] !  extensions: missing required API firebaseextensions.googleapis.com. Enabling now... 
[debug] [2025-07-16T20:22:12.380Z] Checked if tokens are valid: true, expires at: 1752699337378
[debug] [2025-07-16T20:22:12.380Z] Checked if tokens are valid: true, expires at: 1752699337378
[debug] [2025-07-16T20:22:12.380Z] >>> [apiv2][query] POST https://serviceusage.googleapis.com/v1/projects/dimsure-93ebd/services/firebaseextensions.googleapis.com:enable [none]
[debug] [2025-07-16T20:22:12.380Z] >>> [apiv2][(partial)header] POST https://serviceusage.googleapis.com/v1/projects/dimsure-93ebd/services/firebaseextensions.googleapis.com:enable x-goog-quota-user=projects/dimsure-93ebd
[debug] [2025-07-16T20:22:13.652Z] <<< [apiv2][status] POST https://serviceusage.googleapis.com/v1/projects/dimsure-93ebd/services/firebaseextensions.googleapis.com:enable 200
[debug] [2025-07-16T20:22:13.652Z] <<< [apiv2][body] POST https://serviceusage.googleapis.com/v1/projects/dimsure-93ebd/services/firebaseextensions.googleapis.com:enable [omitted]
[debug] [2025-07-16T20:22:23.667Z] > command requires scopes: ["email","openid","https://www.googleapis.com/auth/cloudplatformprojects.readonly","https://www.googleapis.com/auth/firebase","https://www.googleapis.com/auth/cloud-platform"]
[debug] [2025-07-16T20:22:23.667Z] > authorizing via signed-in user (nacho.vent@gmail.com)
[debug] [2025-07-16T20:22:23.668Z] [iam] checking project dimsure-93ebd for permissions ["firebase.projects.get","firebaseextensions.instances.list"]
[debug] [2025-07-16T20:22:23.668Z] Checked if tokens are valid: true, expires at: 1752699337378
[debug] [2025-07-16T20:22:23.668Z] Checked if tokens are valid: true, expires at: 1752699337378
[debug] [2025-07-16T20:22:23.668Z] >>> [apiv2][query] POST https://cloudresourcemanager.googleapis.com/v1/projects/dimsure-93ebd:testIamPermissions [none]
[debug] [2025-07-16T20:22:23.668Z] >>> [apiv2][(partial)header] POST https://cloudresourcemanager.googleapis.com/v1/projects/dimsure-93ebd:testIamPermissions x-goog-quota-user=projects/dimsure-93ebd
[debug] [2025-07-16T20:22:23.668Z] >>> [apiv2][body] POST https://cloudresourcemanager.googleapis.com/v1/projects/dimsure-93ebd:testIamPermissions {"permissions":["firebase.projects.get","firebaseextensions.instances.list"]}
[debug] [2025-07-16T20:22:24.514Z] <<< [apiv2][status] POST https://cloudresourcemanager.googleapis.com/v1/projects/dimsure-93ebd:testIamPermissions 200
[debug] [2025-07-16T20:22:24.514Z] <<< [apiv2][body] POST https://cloudresourcemanager.googleapis.com/v1/projects/dimsure-93ebd:testIamPermissions {"permissions":["firebase.projects.get","firebaseextensions.instances.list"]}
[debug] [2025-07-16T20:22:24.515Z] Checked if tokens are valid: true, expires at: 1752699337378
[debug] [2025-07-16T20:22:24.515Z] Checked if tokens are valid: true, expires at: 1752699337378
[debug] [2025-07-16T20:22:24.515Z] >>> [apiv2][query] GET https://firebaseextensions.googleapis.com/v1beta/projects/dimsure-93ebd/instances pageSize=100&pageToken=
[debug] [2025-07-16T20:22:26.575Z] <<< [apiv2][status] GET https://firebaseextensions.googleapis.com/v1beta/projects/dimsure-93ebd/instances 200
[debug] [2025-07-16T20:22:26.575Z] <<< [apiv2][body] GET https://firebaseextensions.googleapis.com/v1beta/projects/dimsure-93ebd/instances {}
[info] i  functions: preparing functions directory for uploading... 
[info] i  functions: packaged D:\Cosas\Dev\dimsure\functions (32.65 KB) for uploading 
[debug] [2025-07-16T20:22:26.638Z] Checked if tokens are valid: true, expires at: 1752699337378
[debug] [2025-07-16T20:22:26.638Z] Checked if tokens are valid: true, expires at: 1752699337378
[debug] [2025-07-16T20:22:26.638Z] >>> [apiv2][query] GET https://cloudfunctions.googleapis.com/v1/projects/dimsure-93ebd/locations/-/functions [none]
[debug] [2025-07-16T20:22:27.635Z] <<< [apiv2][status] GET https://cloudfunctions.googleapis.com/v1/projects/dimsure-93ebd/locations/-/functions 200
[debug] [2025-07-16T20:22:27.635Z] <<< [apiv2][body] GET https://cloudfunctions.googleapis.com/v1/projects/dimsure-93ebd/locations/-/functions {}
[debug] [2025-07-16T20:22:27.636Z] Checked if tokens are valid: true, expires at: 1752699337378
[debug] [2025-07-16T20:22:27.636Z] Checked if tokens are valid: true, expires at: 1752699337378
[debug] [2025-07-16T20:22:27.636Z] >>> [apiv2][query] GET https://cloudfunctions.googleapis.com/v2/projects/dimsure-93ebd/locations/-/functions filter=environment%3D%22GEN_2%22
[debug] [2025-07-16T20:22:28.845Z] <<< [apiv2][status] GET https://cloudfunctions.googleapis.com/v2/projects/dimsure-93ebd/locations/-/functions 200
[debug] [2025-07-16T20:22:28.845Z] <<< [apiv2][body] GET https://cloudfunctions.googleapis.com/v2/projects/dimsure-93ebd/locations/-/functions {}
[info] i  functions: ensuring required API cloudscheduler.googleapis.com is enabled... 
[debug] [2025-07-16T20:22:28.849Z] Checked if tokens are valid: true, expires at: 1752699337378
[debug] [2025-07-16T20:22:28.850Z] Checked if tokens are valid: true, expires at: 1752699337378
[debug] [2025-07-16T20:22:28.850Z] >>> [apiv2][query] GET https://cloudresourcemanager.googleapis.com/v1/projects/dimsure-93ebd [none]
[debug] [2025-07-16T20:22:29.059Z] <<< [apiv2][status] GET https://cloudresourcemanager.googleapis.com/v1/projects/dimsure-93ebd 200
[debug] [2025-07-16T20:22:29.060Z] <<< [apiv2][body] GET https://cloudresourcemanager.googleapis.com/v1/projects/dimsure-93ebd {"projectNumber":"669500898904","projectId":"dimsure-93ebd","lifecycleState":"ACTIVE","name":"dimsure","labels":{"firebase":"enabled","firebase-core":"disabled"},"createTime":"2025-06-18T22:31:34.981213Z"}
[debug] [2025-07-16T20:22:29.061Z] Checked if tokens are valid: true, expires at: 1752699337378
[debug] [2025-07-16T20:22:29.061Z] Checked if tokens are valid: true, expires at: 1752699337378
[debug] [2025-07-16T20:22:29.061Z] >>> [apiv2][query] GET https://cloudbilling.googleapis.com/v1/projects/dimsure-93ebd/billingInfo [none]
[debug] [2025-07-16T20:22:29.993Z] <<< [apiv2][status] GET https://cloudbilling.googleapis.com/v1/projects/dimsure-93ebd/billingInfo 200
[debug] [2025-07-16T20:22:29.993Z] <<< [apiv2][body] GET https://cloudbilling.googleapis.com/v1/projects/dimsure-93ebd/billingInfo {"name":"projects/dimsure-93ebd/billingInfo","projectId":"dimsure-93ebd","billingAccountName":"billingAccounts/017C0B-509C61-ED6CAD","billingEnabled":true}
[debug] [2025-07-16T20:22:29.994Z] Checked if tokens are valid: true, expires at: 1752699337378
[debug] [2025-07-16T20:22:29.994Z] Checked if tokens are valid: true, expires at: 1752699337378
[debug] [2025-07-16T20:22:29.994Z] >>> [apiv2][query] POST https://cloudfunctions.googleapis.com/v1/projects/dimsure-93ebd/locations/us-central1/functions:generateUploadUrl [none]
[debug] [2025-07-16T20:22:29.994Z] >>> [apiv2][body] POST https://cloudfunctions.googleapis.com/v1/projects/dimsure-93ebd/locations/us-central1/functions:generateUploadUrl {}
[debug] [2025-07-16T20:22:30.717Z] <<< [apiv2][status] POST https://cloudfunctions.googleapis.com/v1/projects/dimsure-93ebd/locations/us-central1/functions:generateUploadUrl 200
[debug] [2025-07-16T20:22:30.717Z] <<< [apiv2][body] POST https://cloudfunctions.googleapis.com/v1/projects/dimsure-93ebd/locations/us-central1/functions:generateUploadUrl {"uploadUrl":"https://storage.googleapis.com/uploads-280568403776.us-central1.cloudfunctions.appspot.com/f7267bd6-3f98-4225-99a5-62b8cdbbdd69.zip?GoogleAccessId=service-669500898904@gcf-admin-robot.iam.gserviceaccount.com&Expires=1752699152&Signature=AjffCEHPbylVXSb8sDAn1zcu%2BQOpcIADjdpanb01PBab9CW%2Fw6kFmDQquviLNHKtmGTIPLJya%2BxwRBKV22968ld7%2FIMSuaPm1vUXMXEgkyiC1S1qF5sDbXilFyhMBhrPcyNGkposjiOdlUauTuuJC2pxElngbt5rPv53vKHL%2BYpTAidX6sRud3LgT7kgyK371LJ4dhT5J1XHg%2BckhEBFK8hle6jus%2Bd8aBdOI%2FG2s%2BDUkovgZXW1l%2BEqDxhcOyjWuCshllO1xKuo77lIy0lbKLsXzZ2vCVHj0CpeAEMvdjYZ%2Be2Rs3e0auYq1pCMjTBExR6gvl73T0EIlPLplTPZDw%3D%3D"}
[debug] [2025-07-16T20:22:30.718Z] >>> [apiv2][query] PUT https://storage.googleapis.com/uploads-280568403776.us-central1.cloudfunctions.appspot.com/f7267bd6-3f98-4225-99a5-62b8cdbbdd69.zip GoogleAccessId=service-669500898904%40gcf-admin-robot.iam.gserviceaccount.com&Expires=1752699152&Signature=AjffCEHPbylVXSb8sDAn1zcu%2BQOpcIADjdpanb01PBab9CW%2Fw6kFmDQquviLNHKtmGTIPLJya%2BxwRBKV22968ld7%2FIMSuaPm1vUXMXEgkyiC1S1qF5sDbXilFyhMBhrPcyNGkposjiOdlUauTuuJC2pxElngbt5rPv53vKHL%2BYpTAidX6sRud3LgT7kgyK371LJ4dhT5J1XHg%2BckhEBFK8hle6jus%2Bd8aBdOI%2FG2s%2BDUkovgZXW1l%2BEqDxhcOyjWuCshllO1xKuo77lIy0lbKLsXzZ2vCVHj0CpeAEMvdjYZ%2Be2Rs3e0auYq1pCMjTBExR6gvl73T0EIlPLplTPZDw%3D%3D
[debug] [2025-07-16T20:22:30.718Z] >>> [apiv2][body] PUT https://storage.googleapis.com/uploads-280568403776.us-central1.cloudfunctions.appspot.com/f7267bd6-3f98-4225-99a5-62b8cdbbdd69.zip [stream]
[debug] [2025-07-16T20:22:31.922Z] <<< [apiv2][status] PUT https://storage.googleapis.com/uploads-280568403776.us-central1.cloudfunctions.appspot.com/f7267bd6-3f98-4225-99a5-62b8cdbbdd69.zip 200
[debug] [2025-07-16T20:22:31.922Z] <<< [apiv2][body] PUT https://storage.googleapis.com/uploads-280568403776.us-central1.cloudfunctions.appspot.com/f7267bd6-3f98-4225-99a5-62b8cdbbdd69.zip [omitted]
[info] +  functions: functions folder uploaded successfully 
[info] i  functions: creating Node.js 20 (1st Gen) function grantProvisionalEditPermissions(us-central1)... 
[debug] [2025-07-16T20:22:31.926Z] Checked if tokens are valid: true, expires at: 1752699337378
[debug] [2025-07-16T20:22:31.926Z] Checked if tokens are valid: true, expires at: 1752699337378
[debug] [2025-07-16T20:22:31.926Z] >>> [apiv2][query] POST https://cloudfunctions.googleapis.com/v1/projects/dimsure-93ebd/locations/us-central1/functions [none]
[debug] [2025-07-16T20:22:31.926Z] >>> [apiv2][body] POST https://cloudfunctions.googleapis.com/v1/projects/dimsure-93ebd/locations/us-central1/functions {"name":"projects/dimsure-93ebd/locations/us-central1/functions/grantProvisionalEditPermissions","sourceUploadUrl":"https://storage.googleapis.com/uploads-280568403776.us-central1.cloudfunctions.appspot.com/f7267bd6-3f98-4225-99a5-62b8cdbbdd69.zip?GoogleAccessId=service-669500898904@gcf-admin-robot.iam.gserviceaccount.com&Expires=1752699152&Signature=AjffCEHPbylVXSb8sDAn1zcu%2BQOpcIADjdpanb01PBab9CW%2Fw6kFmDQquviLNHKtmGTIPLJya%2BxwRBKV22968ld7%2FIMSuaPm1vUXMXEgkyiC1S1qF5sDbXilFyhMBhrPcyNGkposjiOdlUauTuuJC2pxElngbt5rPv53vKHL%2BYpTAidX6sRud3LgT7kgyK371LJ4dhT5J1XHg%2BckhEBFK8hle6jus%2Bd8aBdOI%2FG2s%2BDUkovgZXW1l%2BEqDxhcOyjWuCshllO1xKuo77lIy0lbKLsXzZ2vCVHj0CpeAEMvdjYZ%2Be2Rs3e0auYq1pCMjTBExR6gvl73T0EIlPLplTPZDw%3D%3D","entryPoint":"grantProvisionalEditPermissions","runtime":"nodejs20","dockerRegistry":"ARTIFACT_REGISTRY","labels":{"deployment-tool":"cli-firebase","deployment-scheduled":"true","firebase-functions-hash":"a757661b215726272e535b19110a9ee61b7ffde2"},"eventTrigger":{"eventType":"google.pubsub.topic.publish","resource":"projects/dimsure-93ebd/topics/firebase-schedule-grantProvisionalEditPermissions-us-central1"},"minInstances":null,"maxInstances":null,"ingressSettings":null,"environmentVariables":{"FIREBASE_CONFIG":"{\"projectId\":\"dimsure-93ebd\",\"storageBucket\":\"dimsure-93ebd.firebasestorage.app\"}","GCLOUD_PROJECT":"dimsure-93ebd","EVENTARC_CLOUD_EVENT_SOURCE":"projects/dimsure-93ebd/locations/us-central1/functions/grantProvisionalEditPermissions"},"serviceAccountEmail":null,"availableMemoryMb":null,"timeout":null,"vpcConnector":null,"vpcConnectorEgressSettings":null,"buildEnvironmentVariables":{"GOOGLE_NODE_RUN_SCRIPTS":""}}
[debug] [2025-07-16T20:22:34.215Z] <<< [apiv2][status] POST https://cloudfunctions.googleapis.com/v1/projects/dimsure-93ebd/locations/us-central1/functions 200
[debug] [2025-07-16T20:22:34.215Z] <<< [apiv2][body] POST https://cloudfunctions.googleapis.com/v1/projects/dimsure-93ebd/locations/us-central1/functions {"name":"operations/cHJvamVjdHMvZGltc3VyZS05M2ViZC9sb2NhdGlvbnMvdXMtY2VudHJhbDEvb3BlcmF0aW9ucy9vcGVyYXRpb24tMTc1MjY5NzM1NDU3Ni02M2ExMWE3MzdlMWIzLTU1ODhiOGU3LTQ3ZjkyYTky","metadata":{"@type":"type.googleapis.com/google.cloud.functions.v1.OperationMetadataV1","target":"projects/dimsure-93ebd/locations/us-central1/functions/grantProvisionalEditPermissions","updateTime":"2025-07-16T20:22:36.294085093Z"}}
[debug] [2025-07-16T20:22:34.215Z] Checked if tokens are valid: true, expires at: 1752699337378
[debug] [2025-07-16T20:22:34.215Z] Checked if tokens are valid: true, expires at: 1752699337378
[debug] [2025-07-16T20:22:34.216Z] >>> [apiv2][query] GET https://cloudfunctions.googleapis.com/v1/operations/cHJvamVjdHMvZGltc3VyZS05M2ViZC9sb2NhdGlvbnMvdXMtY2VudHJhbDEvb3BlcmF0aW9ucy9vcGVyYXRpb24tMTc1MjY5NzM1NDU3Ni02M2ExMWE3MzdlMWIzLTU1ODhiOGU3LTQ3ZjkyYTky [none]
[debug] [2025-07-16T20:22:34.610Z] <<< [apiv2][status] GET https://cloudfunctions.googleapis.com/v1/operations/cHJvamVjdHMvZGltc3VyZS05M2ViZC9sb2NhdGlvbnMvdXMtY2VudHJhbDEvb3BlcmF0aW9ucy9vcGVyYXRpb24tMTc1MjY5NzM1NDU3Ni02M2ExMWE3MzdlMWIzLTU1ODhiOGU3LTQ3ZjkyYTky 200
[debug] [2025-07-16T20:22:34.610Z] <<< [apiv2][body] GET https://cloudfunctions.googleapis.com/v1/operations/cHJvamVjdHMvZGltc3VyZS05M2ViZC9sb2NhdGlvbnMvdXMtY2VudHJhbDEvb3BlcmF0aW9ucy9vcGVyYXRpb24tMTc1MjY5NzM1NDU3Ni02M2ExMWE3MzdlMWIzLTU1ODhiOGU3LTQ3ZjkyYTky {"name":"operations/cHJvamVjdHMvZGltc3VyZS05M2ViZC9sb2NhdGlvbnMvdXMtY2VudHJhbDEvb3BlcmF0aW9ucy9vcGVyYXRpb24tMTc1MjY5NzM1NDU3Ni02M2ExMWE3MzdlMWIzLTU1ODhiOGU3LTQ3ZjkyYTky","metadata":{"@type":"type.googleapis.com/google.cloud.functions.v1.OperationMetadataV1","target":"projects/dimsure-93ebd/locations/us-central1/functions/grantProvisionalEditPermissions","updateTime":"2025-07-16T20:22:36.294085093Z"}}
[debug] [2025-07-16T20:22:35.125Z] [create-default-us-central1-grantProvisionalEditPermissions] Retrying task index 0
[debug] [2025-07-16T20:22:35.125Z] Checked if tokens are valid: true, expires at: 1752699337378
[debug] [2025-07-16T20:22:35.125Z] Checked if tokens are valid: true, expires at: 1752699337378
[debug] [2025-07-16T20:22:35.125Z] >>> [apiv2][query] GET https://cloudfunctions.googleapis.com/v1/operations/cHJvamVjdHMvZGltc3VyZS05M2ViZC9sb2NhdGlvbnMvdXMtY2VudHJhbDEvb3BlcmF0aW9ucy9vcGVyYXRpb24tMTc1MjY5NzM1NDU3Ni02M2ExMWE3MzdlMWIzLTU1ODhiOGU3LTQ3ZjkyYTky [none]
[debug] [2025-07-16T20:22:35.710Z] <<< [apiv2][status] GET https://cloudfunctions.googleapis.com/v1/operations/cHJvamVjdHMvZGltc3VyZS05M2ViZC9sb2NhdGlvbnMvdXMtY2VudHJhbDEvb3BlcmF0aW9ucy9vcGVyYXRpb24tMTc1MjY5NzM1NDU3Ni02M2ExMWE3MzdlMWIzLTU1ODhiOGU3LTQ3ZjkyYTky 200
[debug] [2025-07-16T20:22:35.710Z] <<< [apiv2][body] GET https://cloudfunctions.googleapis.com/v1/operations/cHJvamVjdHMvZGltc3VyZS05M2ViZC9sb2NhdGlvbnMvdXMtY2VudHJhbDEvb3BlcmF0aW9ucy9vcGVyYXRpb24tMTc1MjY5NzM1NDU3Ni02M2ExMWE3MzdlMWIzLTU1ODhiOGU3LTQ3ZjkyYTky {"name":"operations/cHJvamVjdHMvZGltc3VyZS05M2ViZC9sb2NhdGlvbnMvdXMtY2VudHJhbDEvb3BlcmF0aW9ucy9vcGVyYXRpb24tMTc1MjY5NzM1NDU3Ni02M2ExMWE3MzdlMWIzLTU1ODhiOGU3LTQ3ZjkyYTky","metadata":{"@type":"type.googleapis.com/google.cloud.functions.v1.OperationMetadataV1","target":"projects/dimsure-93ebd/locations/us-central1/functions/grantProvisionalEditPermissions","type":"CREATE_FUNCTION","request":{"@type":"type.googleapis.com/google.cloud.functions.v1.CloudFunction","name":"projects/dimsure-93ebd/locations/us-central1/functions/grantProvisionalEditPermissions","eventTrigger":{"eventType":"google.pubsub.topic.publish","resource":"projects/dimsure-93ebd/topics/firebase-schedule-grantProvisionalEditPermissions-us-central1","failurePolicy":{}},"entryPoint":"grantProvisionalEditPermissions","updateTime":"1970-01-01T00:00:00Z","labels":{"deployment-tool":"cli-firebase","deployment-scheduled":"true","firebase-functions-hash":"a757661b215726272e535b19110a9ee61b7ffde2"},"sourceUploadUrl":"https://storage.googleapis.com/uploads-280568403776.us-central1.cloudfunctions.appspot.com/f7267bd6-3f98-4225-99a5-62b8cdbbdd69.zip?GoogleAccessId=service-669500898904@gcf-admin-robot.iam.gserviceaccount.com&Expires=1752699152&Signature=AjffCEHPbylVXSb8sDAn1zcu%2BQOpcIADjdpanb01PBab9CW%2Fw6kFmDQquviLNHKtmGTIPLJya%2BxwRBKV22968ld7%2FIMSuaPm1vUXMXEgkyiC1S1qF5sDbXilFyhMBhrPcyNGkposjiOdlUauTuuJC2pxElngbt5rPv53vKHL%2BYpTAidX6sRud3LgT7kgyK371LJ4dhT5J1XHg%2BckhEBFK8hle6jus%2Bd8aBdOI%2FG2s%2BDUkovgZXW1l%2BEqDxhcOyjWuCshllO1xKuo77lIy0lbKLsXzZ2vCVHj0CpeAEMvdjYZ%2Be2Rs3e0auYq1pCMjTBExR6gvl73T0EIlPLplTPZDw%3D%3D","environmentVariables":{"FIREBASE_CONFIG":"{\"projectId\":\"dimsure-93ebd\",\"storageBucket\":\"dimsure-93ebd.firebasestorage.app\"}","GCLOUD_PROJECT":"dimsure-93ebd","EVENTARC_CLOUD_EVENT_SOURCE":"projects/dimsure-93ebd/locations/us-central1/functions/grantProvisionalEditPermissions"},"runtime":"nodejs20","buildEnvironmentVariables":{"GOOGLE_NODE_RUN_SCRIPTS":""},"dockerRegistry":"ARTIFACT_REGISTRY"},"versionId":"1","updateTime":"2025-07-16T20:22:36.294085093Z"}}
[debug] [2025-07-16T20:22:36.714Z] [create-default-us-central1-grantProvisionalEditPermissions] Retrying task index 0
[debug] [2025-07-16T20:22:36.714Z] Checked if tokens are valid: true, expires at: 1752699337378
[debug] [2025-07-16T20:22:36.714Z] Checked if tokens are valid: true, expires at: 1752699337378
[debug] [2025-07-16T20:22:36.714Z] >>> [apiv2][query] GET https://cloudfunctions.googleapis.com/v1/operations/cHJvamVjdHMvZGltc3VyZS05M2ViZC9sb2NhdGlvbnMvdXMtY2VudHJhbDEvb3BlcmF0aW9ucy9vcGVyYXRpb24tMTc1MjY5NzM1NDU3Ni02M2ExMWE3MzdlMWIzLTU1ODhiOGU3LTQ3ZjkyYTky [none]
[debug] [2025-07-16T20:22:37.774Z] <<< [apiv2][status] GET https://cloudfunctions.googleapis.com/v1/operations/cHJvamVjdHMvZGltc3VyZS05M2ViZC9sb2NhdGlvbnMvdXMtY2VudHJhbDEvb3BlcmF0aW9ucy9vcGVyYXRpb24tMTc1MjY5NzM1NDU3Ni02M2ExMWE3MzdlMWIzLTU1ODhiOGU3LTQ3ZjkyYTky 200
[debug] [2025-07-16T20:22:37.774Z] <<< [apiv2][body] GET https://cloudfunctions.googleapis.com/v1/operations/cHJvamVjdHMvZGltc3VyZS05M2ViZC9sb2NhdGlvbnMvdXMtY2VudHJhbDEvb3BlcmF0aW9ucy9vcGVyYXRpb24tMTc1MjY5NzM1NDU3Ni02M2ExMWE3MzdlMWIzLTU1ODhiOGU3LTQ3ZjkyYTky {"name":"operations/cHJvamVjdHMvZGltc3VyZS05M2ViZC9sb2NhdGlvbnMvdXMtY2VudHJhbDEvb3BlcmF0aW9ucy9vcGVyYXRpb24tMTc1MjY5NzM1NDU3Ni02M2ExMWE3MzdlMWIzLTU1ODhiOGU3LTQ3ZjkyYTky","metadata":{"@type":"type.googleapis.com/google.cloud.functions.v1.OperationMetadataV1","target":"projects/dimsure-93ebd/locations/us-central1/functions/grantProvisionalEditPermissions","type":"CREATE_FUNCTION","request":{"@type":"type.googleapis.com/google.cloud.functions.v1.CloudFunction","name":"projects/dimsure-93ebd/locations/us-central1/functions/grantProvisionalEditPermissions","eventTrigger":{"eventType":"google.pubsub.topic.publish","resource":"projects/dimsure-93ebd/topics/firebase-schedule-grantProvisionalEditPermissions-us-central1","failurePolicy":{}},"entryPoint":"grantProvisionalEditPermissions","updateTime":"1970-01-01T00:00:00Z","labels":{"deployment-tool":"cli-firebase","deployment-scheduled":"true","firebase-functions-hash":"a757661b215726272e535b19110a9ee61b7ffde2"},"sourceUploadUrl":"https://storage.googleapis.com/uploads-280568403776.us-central1.cloudfunctions.appspot.com/f7267bd6-3f98-4225-99a5-62b8cdbbdd69.zip?GoogleAccessId=service-669500898904@gcf-admin-robot.iam.gserviceaccount.com&Expires=1752699152&Signature=AjffCEHPbylVXSb8sDAn1zcu%2BQOpcIADjdpanb01PBab9CW%2Fw6kFmDQquviLNHKtmGTIPLJya%2BxwRBKV22968ld7%2FIMSuaPm1vUXMXEgkyiC1S1qF5sDbXilFyhMBhrPcyNGkposjiOdlUauTuuJC2pxElngbt5rPv53vKHL%2BYpTAidX6sRud3LgT7kgyK371LJ4dhT5J1XHg%2BckhEBFK8hle6jus%2Bd8aBdOI%2FG2s%2BDUkovgZXW1l%2BEqDxhcOyjWuCshllO1xKuo77lIy0lbKLsXzZ2vCVHj0CpeAEMvdjYZ%2Be2Rs3e0auYq1pCMjTBExR6gvl73T0EIlPLplTPZDw%3D%3D","environmentVariables":{"FIREBASE_CONFIG":"{\"projectId\":\"dimsure-93ebd\",\"storageBucket\":\"dimsure-93ebd.firebasestorage.app\"}","GCLOUD_PROJECT":"dimsure-93ebd","EVENTARC_CLOUD_EVENT_SOURCE":"projects/dimsure-93ebd/locations/us-central1/functions/grantProvisionalEditPermissions"},"runtime":"nodejs20","buildEnvironmentVariables":{"GOOGLE_NODE_RUN_SCRIPTS":""},"dockerRegistry":"ARTIFACT_REGISTRY"},"versionId":"1","updateTime":"2025-07-16T20:22:36.294085093Z"}}
[debug] [2025-07-16T20:22:39.785Z] [create-default-us-central1-grantProvisionalEditPermissions] Retrying task index 0
[debug] [2025-07-16T20:22:39.785Z] Checked if tokens are valid: true, expires at: 1752699337378
[debug] [2025-07-16T20:22:39.785Z] Checked if tokens are valid: true, expires at: 1752699337378
[debug] [2025-07-16T20:22:39.785Z] >>> [apiv2][query] GET https://cloudfunctions.googleapis.com/v1/operations/cHJvamVjdHMvZGltc3VyZS05M2ViZC9sb2NhdGlvbnMvdXMtY2VudHJhbDEvb3BlcmF0aW9ucy9vcGVyYXRpb24tMTc1MjY5NzM1NDU3Ni02M2ExMWE3MzdlMWIzLTU1ODhiOGU3LTQ3ZjkyYTky [none]
[debug] [2025-07-16T20:22:40.321Z] <<< [apiv2][status] GET https://cloudfunctions.googleapis.com/v1/operations/cHJvamVjdHMvZGltc3VyZS05M2ViZC9sb2NhdGlvbnMvdXMtY2VudHJhbDEvb3BlcmF0aW9ucy9vcGVyYXRpb24tMTc1MjY5NzM1NDU3Ni02M2ExMWE3MzdlMWIzLTU1ODhiOGU3LTQ3ZjkyYTky 200
[debug] [2025-07-16T20:22:40.322Z] <<< [apiv2][body] GET https://cloudfunctions.googleapis.com/v1/operations/cHJvamVjdHMvZGltc3VyZS05M2ViZC9sb2NhdGlvbnMvdXMtY2VudHJhbDEvb3BlcmF0aW9ucy9vcGVyYXRpb24tMTc1MjY5NzM1NDU3Ni02M2ExMWE3MzdlMWIzLTU1ODhiOGU3LTQ3ZjkyYTky {"name":"operations/cHJvamVjdHMvZGltc3VyZS05M2ViZC9sb2NhdGlvbnMvdXMtY2VudHJhbDEvb3BlcmF0aW9ucy9vcGVyYXRpb24tMTc1MjY5NzM1NDU3Ni02M2ExMWE3MzdlMWIzLTU1ODhiOGU3LTQ3ZjkyYTky","metadata":{"@type":"type.googleapis.com/google.cloud.functions.v1.OperationMetadataV1","target":"projects/dimsure-93ebd/locations/us-central1/functions/grantProvisionalEditPermissions","type":"CREATE_FUNCTION","request":{"@type":"type.googleapis.com/google.cloud.functions.v1.CloudFunction","name":"projects/dimsure-93ebd/locations/us-central1/functions/grantProvisionalEditPermissions","eventTrigger":{"eventType":"google.pubsub.topic.publish","resource":"projects/dimsure-93ebd/topics/firebase-schedule-grantProvisionalEditPermissions-us-central1","failurePolicy":{}},"entryPoint":"grantProvisionalEditPermissions","updateTime":"1970-01-01T00:00:00Z","labels":{"deployment-tool":"cli-firebase","deployment-scheduled":"true","firebase-functions-hash":"a757661b215726272e535b19110a9ee61b7ffde2"},"sourceUploadUrl":"https://storage.googleapis.com/uploads-280568403776.us-central1.cloudfunctions.appspot.com/f7267bd6-3f98-4225-99a5-62b8cdbbdd69.zip?GoogleAccessId=service-669500898904@gcf-admin-robot.iam.gserviceaccount.com&Expires=1752699152&Signature=AjffCEHPbylVXSb8sDAn1zcu%2BQOpcIADjdpanb01PBab9CW%2Fw6kFmDQquviLNHKtmGTIPLJya%2BxwRBKV22968ld7%2FIMSuaPm1vUXMXEgkyiC1S1qF5sDbXilFyhMBhrPcyNGkposjiOdlUauTuuJC2pxElngbt5rPv53vKHL%2BYpTAidX6sRud3LgT7kgyK371LJ4dhT5J1XHg%2BckhEBFK8hle6jus%2Bd8aBdOI%2FG2s%2BDUkovgZXW1l%2BEqDxhcOyjWuCshllO1xKuo77lIy0lbKLsXzZ2vCVHj0CpeAEMvdjYZ%2Be2Rs3e0auYq1pCMjTBExR6gvl73T0EIlPLplTPZDw%3D%3D","environmentVariables":{"FIREBASE_CONFIG":"{\"projectId\":\"dimsure-93ebd\",\"storageBucket\":\"dimsure-93ebd.firebasestorage.app\"}","GCLOUD_PROJECT":"dimsure-93ebd","EVENTARC_CLOUD_EVENT_SOURCE":"projects/dimsure-93ebd/locations/us-central1/functions/grantProvisionalEditPermissions"},"runtime":"nodejs20","buildEnvironmentVariables":{"GOOGLE_NODE_RUN_SCRIPTS":""},"dockerRegistry":"ARTIFACT_REGISTRY"},"versionId":"1","updateTime":"2025-07-16T20:22:36.294085093Z"}}
[debug] [2025-07-16T20:22:44.323Z] [create-default-us-central1-grantProvisionalEditPermissions] Retrying task index 0
[debug] [2025-07-16T20:22:44.324Z] Checked if tokens are valid: true, expires at: 1752699337378
[debug] [2025-07-16T20:22:44.324Z] Checked if tokens are valid: true, expires at: 1752699337378
[debug] [2025-07-16T20:22:44.324Z] >>> [apiv2][query] GET https://cloudfunctions.googleapis.com/v1/operations/cHJvamVjdHMvZGltc3VyZS05M2ViZC9sb2NhdGlvbnMvdXMtY2VudHJhbDEvb3BlcmF0aW9ucy9vcGVyYXRpb24tMTc1MjY5NzM1NDU3Ni02M2ExMWE3MzdlMWIzLTU1ODhiOGU3LTQ3ZjkyYTky [none]
[debug] [2025-07-16T20:22:44.827Z] <<< [apiv2][status] GET https://cloudfunctions.googleapis.com/v1/operations/cHJvamVjdHMvZGltc3VyZS05M2ViZC9sb2NhdGlvbnMvdXMtY2VudHJhbDEvb3BlcmF0aW9ucy9vcGVyYXRpb24tMTc1MjY5NzM1NDU3Ni02M2ExMWE3MzdlMWIzLTU1ODhiOGU3LTQ3ZjkyYTky 200
[debug] [2025-07-16T20:22:44.828Z] <<< [apiv2][body] GET https://cloudfunctions.googleapis.com/v1/operations/cHJvamVjdHMvZGltc3VyZS05M2ViZC9sb2NhdGlvbnMvdXMtY2VudHJhbDEvb3BlcmF0aW9ucy9vcGVyYXRpb24tMTc1MjY5NzM1NDU3Ni02M2ExMWE3MzdlMWIzLTU1ODhiOGU3LTQ3ZjkyYTky {"name":"operations/cHJvamVjdHMvZGltc3VyZS05M2ViZC9sb2NhdGlvbnMvdXMtY2VudHJhbDEvb3BlcmF0aW9ucy9vcGVyYXRpb24tMTc1MjY5NzM1NDU3Ni02M2ExMWE3MzdlMWIzLTU1ODhiOGU3LTQ3ZjkyYTky","metadata":{"@type":"type.googleapis.com/google.cloud.functions.v1.OperationMetadataV1","target":"projects/dimsure-93ebd/locations/us-central1/functions/grantProvisionalEditPermissions","type":"CREATE_FUNCTION","request":{"@type":"type.googleapis.com/google.cloud.functions.v1.CloudFunction","name":"projects/dimsure-93ebd/locations/us-central1/functions/grantProvisionalEditPermissions","eventTrigger":{"eventType":"google.pubsub.topic.publish","resource":"projects/dimsure-93ebd/topics/firebase-schedule-grantProvisionalEditPermissions-us-central1","failurePolicy":{}},"entryPoint":"grantProvisionalEditPermissions","updateTime":"1970-01-01T00:00:00Z","labels":{"deployment-tool":"cli-firebase","deployment-scheduled":"true","firebase-functions-hash":"a757661b215726272e535b19110a9ee61b7ffde2"},"sourceUploadUrl":"https://storage.googleapis.com/uploads-280568403776.us-central1.cloudfunctions.appspot.com/f7267bd6-3f98-4225-99a5-62b8cdbbdd69.zip?GoogleAccessId=service-669500898904@gcf-admin-robot.iam.gserviceaccount.com&Expires=1752699152&Signature=AjffCEHPbylVXSb8sDAn1zcu%2BQOpcIADjdpanb01PBab9CW%2Fw6kFmDQquviLNHKtmGTIPLJya%2BxwRBKV22968ld7%2FIMSuaPm1vUXMXEgkyiC1S1qF5sDbXilFyhMBhrPcyNGkposjiOdlUauTuuJC2pxElngbt5rPv53vKHL%2BYpTAidX6sRud3LgT7kgyK371LJ4dhT5J1XHg%2BckhEBFK8hle6jus%2Bd8aBdOI%2FG2s%2BDUkovgZXW1l%2BEqDxhcOyjWuCshllO1xKuo77lIy0lbKLsXzZ2vCVHj0CpeAEMvdjYZ%2Be2Rs3e0auYq1pCMjTBExR6gvl73T0EIlPLplTPZDw%3D%3D","environmentVariables":{"FIREBASE_CONFIG":"{\"projectId\":\"dimsure-93ebd\",\"storageBucket\":\"dimsure-93ebd.firebasestorage.app\"}","GCLOUD_PROJECT":"dimsure-93ebd","EVENTARC_CLOUD_EVENT_SOURCE":"projects/dimsure-93ebd/locations/us-central1/functions/grantProvisionalEditPermissions"},"runtime":"nodejs20","buildEnvironmentVariables":{"GOOGLE_NODE_RUN_SCRIPTS":""},"dockerRegistry":"ARTIFACT_REGISTRY"},"versionId":"1","updateTime":"2025-07-16T20:22:36.294085093Z"}}
[debug] [2025-07-16T20:22:52.834Z] [create-default-us-central1-grantProvisionalEditPermissions] Retrying task index 0
[debug] [2025-07-16T20:22:52.834Z] Checked if tokens are valid: true, expires at: 1752699337378
[debug] [2025-07-16T20:22:52.834Z] Checked if tokens are valid: true, expires at: 1752699337378
[debug] [2025-07-16T20:22:52.834Z] >>> [apiv2][query] GET https://cloudfunctions.googleapis.com/v1/operations/cHJvamVjdHMvZGltc3VyZS05M2ViZC9sb2NhdGlvbnMvdXMtY2VudHJhbDEvb3BlcmF0aW9ucy9vcGVyYXRpb24tMTc1MjY5NzM1NDU3Ni02M2ExMWE3MzdlMWIzLTU1ODhiOGU3LTQ3ZjkyYTky [none]
[debug] [2025-07-16T20:22:53.680Z] <<< [apiv2][status] GET https://cloudfunctions.googleapis.com/v1/operations/cHJvamVjdHMvZGltc3VyZS05M2ViZC9sb2NhdGlvbnMvdXMtY2VudHJhbDEvb3BlcmF0aW9ucy9vcGVyYXRpb24tMTc1MjY5NzM1NDU3Ni02M2ExMWE3MzdlMWIzLTU1ODhiOGU3LTQ3ZjkyYTky 200
[debug] [2025-07-16T20:22:53.680Z] <<< [apiv2][body] GET https://cloudfunctions.googleapis.com/v1/operations/cHJvamVjdHMvZGltc3VyZS05M2ViZC9sb2NhdGlvbnMvdXMtY2VudHJhbDEvb3BlcmF0aW9ucy9vcGVyYXRpb24tMTc1MjY5NzM1NDU3Ni02M2ExMWE3MzdlMWIzLTU1ODhiOGU3LTQ3ZjkyYTky {"name":"operations/cHJvamVjdHMvZGltc3VyZS05M2ViZC9sb2NhdGlvbnMvdXMtY2VudHJhbDEvb3BlcmF0aW9ucy9vcGVyYXRpb24tMTc1MjY5NzM1NDU3Ni02M2ExMWE3MzdlMWIzLTU1ODhiOGU3LTQ3ZjkyYTky","metadata":{"@type":"type.googleapis.com/google.cloud.functions.v1.OperationMetadataV1","target":"projects/dimsure-93ebd/locations/us-central1/functions/grantProvisionalEditPermissions","type":"CREATE_FUNCTION","request":{"@type":"type.googleapis.com/google.cloud.functions.v1.CloudFunction","name":"projects/dimsure-93ebd/locations/us-central1/functions/grantProvisionalEditPermissions","eventTrigger":{"eventType":"google.pubsub.topic.publish","resource":"projects/dimsure-93ebd/topics/firebase-schedule-grantProvisionalEditPermissions-us-central1","failurePolicy":{}},"entryPoint":"grantProvisionalEditPermissions","updateTime":"1970-01-01T00:00:00Z","labels":{"deployment-tool":"cli-firebase","deployment-scheduled":"true","firebase-functions-hash":"a757661b215726272e535b19110a9ee61b7ffde2"},"sourceUploadUrl":"https://storage.googleapis.com/uploads-280568403776.us-central1.cloudfunctions.appspot.com/f7267bd6-3f98-4225-99a5-62b8cdbbdd69.zip?GoogleAccessId=service-669500898904@gcf-admin-robot.iam.gserviceaccount.com&Expires=1752699152&Signature=AjffCEHPbylVXSb8sDAn1zcu%2BQOpcIADjdpanb01PBab9CW%2Fw6kFmDQquviLNHKtmGTIPLJya%2BxwRBKV22968ld7%2FIMSuaPm1vUXMXEgkyiC1S1qF5sDbXilFyhMBhrPcyNGkposjiOdlUauTuuJC2pxElngbt5rPv53vKHL%2BYpTAidX6sRud3LgT7kgyK371LJ4dhT5J1XHg%2BckhEBFK8hle6jus%2Bd8aBdOI%2FG2s%2BDUkovgZXW1l%2BEqDxhcOyjWuCshllO1xKuo77lIy0lbKLsXzZ2vCVHj0CpeAEMvdjYZ%2Be2Rs3e0auYq1pCMjTBExR6gvl73T0EIlPLplTPZDw%3D%3D","environmentVariables":{"FIREBASE_CONFIG":"{\"projectId\":\"dimsure-93ebd\",\"storageBucket\":\"dimsure-93ebd.firebasestorage.app\"}","GCLOUD_PROJECT":"dimsure-93ebd","EVENTARC_CLOUD_EVENT_SOURCE":"projects/dimsure-93ebd/locations/us-central1/functions/grantProvisionalEditPermissions"},"runtime":"nodejs20","buildEnvironmentVariables":{"GOOGLE_NODE_RUN_SCRIPTS":""},"dockerRegistry":"ARTIFACT_REGISTRY"},"versionId":"1","updateTime":"2025-07-16T20:22:36.294085093Z","buildId":"93fadbf8-4f66-4f84-97c0-25f3b326be16","buildName":"projects/669500898904/locations/us-central1/builds/93fadbf8-4f66-4f84-97c0-25f3b326be16"}}
[debug] [2025-07-16T20:23:03.688Z] [create-default-us-central1-grantProvisionalEditPermissions] Retrying task index 0
[debug] [2025-07-16T20:23:03.689Z] Checked if tokens are valid: true, expires at: 1752699337378
[debug] [2025-07-16T20:23:03.689Z] Checked if tokens are valid: true, expires at: 1752699337378
[debug] [2025-07-16T20:23:03.689Z] >>> [apiv2][query] GET https://cloudfunctions.googleapis.com/v1/operations/cHJvamVjdHMvZGltc3VyZS05M2ViZC9sb2NhdGlvbnMvdXMtY2VudHJhbDEvb3BlcmF0aW9ucy9vcGVyYXRpb24tMTc1MjY5NzM1NDU3Ni02M2ExMWE3MzdlMWIzLTU1ODhiOGU3LTQ3ZjkyYTky [none]
[debug] [2025-07-16T20:23:04.233Z] <<< [apiv2][status] GET https://cloudfunctions.googleapis.com/v1/operations/cHJvamVjdHMvZGltc3VyZS05M2ViZC9sb2NhdGlvbnMvdXMtY2VudHJhbDEvb3BlcmF0aW9ucy9vcGVyYXRpb24tMTc1MjY5NzM1NDU3Ni02M2ExMWE3MzdlMWIzLTU1ODhiOGU3LTQ3ZjkyYTky 200
[debug] [2025-07-16T20:23:04.233Z] <<< [apiv2][body] GET https://cloudfunctions.googleapis.com/v1/operations/cHJvamVjdHMvZGltc3VyZS05M2ViZC9sb2NhdGlvbnMvdXMtY2VudHJhbDEvb3BlcmF0aW9ucy9vcGVyYXRpb24tMTc1MjY5NzM1NDU3Ni02M2ExMWE3MzdlMWIzLTU1ODhiOGU3LTQ3ZjkyYTky {"name":"operations/cHJvamVjdHMvZGltc3VyZS05M2ViZC9sb2NhdGlvbnMvdXMtY2VudHJhbDEvb3BlcmF0aW9ucy9vcGVyYXRpb24tMTc1MjY5NzM1NDU3Ni02M2ExMWE3MzdlMWIzLTU1ODhiOGU3LTQ3ZjkyYTky","metadata":{"@type":"type.googleapis.com/google.cloud.functions.v1.OperationMetadataV1","target":"projects/dimsure-93ebd/locations/us-central1/functions/grantProvisionalEditPermissions","type":"CREATE_FUNCTION","request":{"@type":"type.googleapis.com/google.cloud.functions.v1.CloudFunction","name":"projects/dimsure-93ebd/locations/us-central1/functions/grantProvisionalEditPermissions","eventTrigger":{"eventType":"google.pubsub.topic.publish","resource":"projects/dimsure-93ebd/topics/firebase-schedule-grantProvisionalEditPermissions-us-central1","failurePolicy":{}},"entryPoint":"grantProvisionalEditPermissions","updateTime":"1970-01-01T00:00:00Z","labels":{"deployment-tool":"cli-firebase","deployment-scheduled":"true","firebase-functions-hash":"a757661b215726272e535b19110a9ee61b7ffde2"},"sourceUploadUrl":"https://storage.googleapis.com/uploads-280568403776.us-central1.cloudfunctions.appspot.com/f7267bd6-3f98-4225-99a5-62b8cdbbdd69.zip?GoogleAccessId=service-669500898904@gcf-admin-robot.iam.gserviceaccount.com&Expires=1752699152&Signature=AjffCEHPbylVXSb8sDAn1zcu%2BQOpcIADjdpanb01PBab9CW%2Fw6kFmDQquviLNHKtmGTIPLJya%2BxwRBKV22968ld7%2FIMSuaPm1vUXMXEgkyiC1S1qF5sDbXilFyhMBhrPcyNGkposjiOdlUauTuuJC2pxElngbt5rPv53vKHL%2BYpTAidX6sRud3LgT7kgyK371LJ4dhT5J1XHg%2BckhEBFK8hle6jus%2Bd8aBdOI%2FG2s%2BDUkovgZXW1l%2BEqDxhcOyjWuCshllO1xKuo77lIy0lbKLsXzZ2vCVHj0CpeAEMvdjYZ%2Be2Rs3e0auYq1pCMjTBExR6gvl73T0EIlPLplTPZDw%3D%3D","environmentVariables":{"FIREBASE_CONFIG":"{\"projectId\":\"dimsure-93ebd\",\"storageBucket\":\"dimsure-93ebd.firebasestorage.app\"}","GCLOUD_PROJECT":"dimsure-93ebd","EVENTARC_CLOUD_EVENT_SOURCE":"projects/dimsure-93ebd/locations/us-central1/functions/grantProvisionalEditPermissions"},"runtime":"nodejs20","buildEnvironmentVariables":{"GOOGLE_NODE_RUN_SCRIPTS":""},"dockerRegistry":"ARTIFACT_REGISTRY"},"versionId":"1","updateTime":"2025-07-16T20:22:36.294085093Z","buildId":"93fadbf8-4f66-4f84-97c0-25f3b326be16","buildName":"projects/669500898904/locations/us-central1/builds/93fadbf8-4f66-4f84-97c0-25f3b326be16"}}
[debug] [2025-07-16T20:23:14.236Z] [create-default-us-central1-grantProvisionalEditPermissions] Retrying task index 0
[debug] [2025-07-16T20:23:14.236Z] Checked if tokens are valid: true, expires at: 1752699337378
[debug] [2025-07-16T20:23:14.236Z] Checked if tokens are valid: true, expires at: 1752699337378
[debug] [2025-07-16T20:23:14.237Z] >>> [apiv2][query] GET https://cloudfunctions.googleapis.com/v1/operations/cHJvamVjdHMvZGltc3VyZS05M2ViZC9sb2NhdGlvbnMvdXMtY2VudHJhbDEvb3BlcmF0aW9ucy9vcGVyYXRpb24tMTc1MjY5NzM1NDU3Ni02M2ExMWE3MzdlMWIzLTU1ODhiOGU3LTQ3ZjkyYTky [none]
[debug] [2025-07-16T20:23:14.773Z] <<< [apiv2][status] GET https://cloudfunctions.googleapis.com/v1/operations/cHJvamVjdHMvZGltc3VyZS05M2ViZC9sb2NhdGlvbnMvdXMtY2VudHJhbDEvb3BlcmF0aW9ucy9vcGVyYXRpb24tMTc1MjY5NzM1NDU3Ni02M2ExMWE3MzdlMWIzLTU1ODhiOGU3LTQ3ZjkyYTky 200
[debug] [2025-07-16T20:23:14.773Z] <<< [apiv2][body] GET https://cloudfunctions.googleapis.com/v1/operations/cHJvamVjdHMvZGltc3VyZS05M2ViZC9sb2NhdGlvbnMvdXMtY2VudHJhbDEvb3BlcmF0aW9ucy9vcGVyYXRpb24tMTc1MjY5NzM1NDU3Ni02M2ExMWE3MzdlMWIzLTU1ODhiOGU3LTQ3ZjkyYTky {"name":"operations/cHJvamVjdHMvZGltc3VyZS05M2ViZC9sb2NhdGlvbnMvdXMtY2VudHJhbDEvb3BlcmF0aW9ucy9vcGVyYXRpb24tMTc1MjY5NzM1NDU3Ni02M2ExMWE3MzdlMWIzLTU1ODhiOGU3LTQ3ZjkyYTky","metadata":{"@type":"type.googleapis.com/google.cloud.functions.v1.OperationMetadataV1","target":"projects/dimsure-93ebd/locations/us-central1/functions/grantProvisionalEditPermissions","type":"CREATE_FUNCTION","request":{"@type":"type.googleapis.com/google.cloud.functions.v1.CloudFunction","name":"projects/dimsure-93ebd/locations/us-central1/functions/grantProvisionalEditPermissions","eventTrigger":{"eventType":"google.pubsub.topic.publish","resource":"projects/dimsure-93ebd/topics/firebase-schedule-grantProvisionalEditPermissions-us-central1","failurePolicy":{}},"entryPoint":"grantProvisionalEditPermissions","updateTime":"1970-01-01T00:00:00Z","labels":{"deployment-tool":"cli-firebase","deployment-scheduled":"true","firebase-functions-hash":"a757661b215726272e535b19110a9ee61b7ffde2"},"sourceUploadUrl":"https://storage.googleapis.com/uploads-280568403776.us-central1.cloudfunctions.appspot.com/f7267bd6-3f98-4225-99a5-62b8cdbbdd69.zip?GoogleAccessId=service-669500898904@gcf-admin-robot.iam.gserviceaccount.com&Expires=1752699152&Signature=AjffCEHPbylVXSb8sDAn1zcu%2BQOpcIADjdpanb01PBab9CW%2Fw6kFmDQquviLNHKtmGTIPLJya%2BxwRBKV22968ld7%2FIMSuaPm1vUXMXEgkyiC1S1qF5sDbXilFyhMBhrPcyNGkposjiOdlUauTuuJC2pxElngbt5rPv53vKHL%2BYpTAidX6sRud3LgT7kgyK371LJ4dhT5J1XHg%2BckhEBFK8hle6jus%2Bd8aBdOI%2FG2s%2BDUkovgZXW1l%2BEqDxhcOyjWuCshllO1xKuo77lIy0lbKLsXzZ2vCVHj0CpeAEMvdjYZ%2Be2Rs3e0auYq1pCMjTBExR6gvl73T0EIlPLplTPZDw%3D%3D","environmentVariables":{"FIREBASE_CONFIG":"{\"projectId\":\"dimsure-93ebd\",\"storageBucket\":\"dimsure-93ebd.firebasestorage.app\"}","GCLOUD_PROJECT":"dimsure-93ebd","EVENTARC_CLOUD_EVENT_SOURCE":"projects/dimsure-93ebd/locations/us-central1/functions/grantProvisionalEditPermissions"},"runtime":"nodejs20","buildEnvironmentVariables":{"GOOGLE_NODE_RUN_SCRIPTS":""},"dockerRegistry":"ARTIFACT_REGISTRY"},"versionId":"1","updateTime":"2025-07-16T20:22:36.294085093Z","buildId":"93fadbf8-4f66-4f84-97c0-25f3b326be16","buildName":"projects/669500898904/locations/us-central1/builds/93fadbf8-4f66-4f84-97c0-25f3b326be16"}}
[debug] [2025-07-16T20:23:24.788Z] [create-default-us-central1-grantProvisionalEditPermissions] Retrying task index 0
[debug] [2025-07-16T20:23:24.788Z] Checked if tokens are valid: true, expires at: 1752699337378
[debug] [2025-07-16T20:23:24.788Z] Checked if tokens are valid: true, expires at: 1752699337378
[debug] [2025-07-16T20:23:24.788Z] >>> [apiv2][query] GET https://cloudfunctions.googleapis.com/v1/operations/cHJvamVjdHMvZGltc3VyZS05M2ViZC9sb2NhdGlvbnMvdXMtY2VudHJhbDEvb3BlcmF0aW9ucy9vcGVyYXRpb24tMTc1MjY5NzM1NDU3Ni02M2ExMWE3MzdlMWIzLTU1ODhiOGU3LTQ3ZjkyYTky [none]
[debug] [2025-07-16T20:23:25.351Z] <<< [apiv2][status] GET https://cloudfunctions.googleapis.com/v1/operations/cHJvamVjdHMvZGltc3VyZS05M2ViZC9sb2NhdGlvbnMvdXMtY2VudHJhbDEvb3BlcmF0aW9ucy9vcGVyYXRpb24tMTc1MjY5NzM1NDU3Ni02M2ExMWE3MzdlMWIzLTU1ODhiOGU3LTQ3ZjkyYTky 200
[debug] [2025-07-16T20:23:25.351Z] <<< [apiv2][body] GET https://cloudfunctions.googleapis.com/v1/operations/cHJvamVjdHMvZGltc3VyZS05M2ViZC9sb2NhdGlvbnMvdXMtY2VudHJhbDEvb3BlcmF0aW9ucy9vcGVyYXRpb24tMTc1MjY5NzM1NDU3Ni02M2ExMWE3MzdlMWIzLTU1ODhiOGU3LTQ3ZjkyYTky {"name":"operations/cHJvamVjdHMvZGltc3VyZS05M2ViZC9sb2NhdGlvbnMvdXMtY2VudHJhbDEvb3BlcmF0aW9ucy9vcGVyYXRpb24tMTc1MjY5NzM1NDU3Ni02M2ExMWE3MzdlMWIzLTU1ODhiOGU3LTQ3ZjkyYTky","metadata":{"@type":"type.googleapis.com/google.cloud.functions.v1.OperationMetadataV1","target":"projects/dimsure-93ebd/locations/us-central1/functions/grantProvisionalEditPermissions","type":"CREATE_FUNCTION","request":{"@type":"type.googleapis.com/google.cloud.functions.v1.CloudFunction","name":"projects/dimsure-93ebd/locations/us-central1/functions/grantProvisionalEditPermissions","eventTrigger":{"eventType":"google.pubsub.topic.publish","resource":"projects/dimsure-93ebd/topics/firebase-schedule-grantProvisionalEditPermissions-us-central1","failurePolicy":{}},"entryPoint":"grantProvisionalEditPermissions","updateTime":"1970-01-01T00:00:00Z","labels":{"deployment-tool":"cli-firebase","deployment-scheduled":"true","firebase-functions-hash":"a757661b215726272e535b19110a9ee61b7ffde2"},"sourceUploadUrl":"https://storage.googleapis.com/uploads-280568403776.us-central1.cloudfunctions.appspot.com/f7267bd6-3f98-4225-99a5-62b8cdbbdd69.zip?GoogleAccessId=service-669500898904@gcf-admin-robot.iam.gserviceaccount.com&Expires=1752699152&Signature=AjffCEHPbylVXSb8sDAn1zcu%2BQOpcIADjdpanb01PBab9CW%2Fw6kFmDQquviLNHKtmGTIPLJya%2BxwRBKV22968ld7%2FIMSuaPm1vUXMXEgkyiC1S1qF5sDbXilFyhMBhrPcyNGkposjiOdlUauTuuJC2pxElngbt5rPv53vKHL%2BYpTAidX6sRud3LgT7kgyK371LJ4dhT5J1XHg%2BckhEBFK8hle6jus%2Bd8aBdOI%2FG2s%2BDUkovgZXW1l%2BEqDxhcOyjWuCshllO1xKuo77lIy0lbKLsXzZ2vCVHj0CpeAEMvdjYZ%2Be2Rs3e0auYq1pCMjTBExR6gvl73T0EIlPLplTPZDw%3D%3D","environmentVariables":{"FIREBASE_CONFIG":"{\"projectId\":\"dimsure-93ebd\",\"storageBucket\":\"dimsure-93ebd.firebasestorage.app\"}","GCLOUD_PROJECT":"dimsure-93ebd","EVENTARC_CLOUD_EVENT_SOURCE":"projects/dimsure-93ebd/locations/us-central1/functions/grantProvisionalEditPermissions"},"runtime":"nodejs20","buildEnvironmentVariables":{"GOOGLE_NODE_RUN_SCRIPTS":""},"dockerRegistry":"ARTIFACT_REGISTRY"},"versionId":"1","updateTime":"2025-07-16T20:22:36.294085093Z","buildId":"93fadbf8-4f66-4f84-97c0-25f3b326be16","buildName":"projects/669500898904/locations/us-central1/builds/93fadbf8-4f66-4f84-97c0-25f3b326be16"}}
[debug] [2025-07-16T20:23:35.362Z] [create-default-us-central1-grantProvisionalEditPermissions] Retrying task index 0
[debug] [2025-07-16T20:23:35.362Z] Checked if tokens are valid: true, expires at: 1752699337378
[debug] [2025-07-16T20:23:35.362Z] Checked if tokens are valid: true, expires at: 1752699337378
[debug] [2025-07-16T20:23:35.363Z] >>> [apiv2][query] GET https://cloudfunctions.googleapis.com/v1/operations/cHJvamVjdHMvZGltc3VyZS05M2ViZC9sb2NhdGlvbnMvdXMtY2VudHJhbDEvb3BlcmF0aW9ucy9vcGVyYXRpb24tMTc1MjY5NzM1NDU3Ni02M2ExMWE3MzdlMWIzLTU1ODhiOGU3LTQ3ZjkyYTky [none]
[debug] [2025-07-16T20:23:35.774Z] <<< [apiv2][status] GET https://cloudfunctions.googleapis.com/v1/operations/cHJvamVjdHMvZGltc3VyZS05M2ViZC9sb2NhdGlvbnMvdXMtY2VudHJhbDEvb3BlcmF0aW9ucy9vcGVyYXRpb24tMTc1MjY5NzM1NDU3Ni02M2ExMWE3MzdlMWIzLTU1ODhiOGU3LTQ3ZjkyYTky 200
[debug] [2025-07-16T20:23:35.774Z] <<< [apiv2][body] GET https://cloudfunctions.googleapis.com/v1/operations/cHJvamVjdHMvZGltc3VyZS05M2ViZC9sb2NhdGlvbnMvdXMtY2VudHJhbDEvb3BlcmF0aW9ucy9vcGVyYXRpb24tMTc1MjY5NzM1NDU3Ni02M2ExMWE3MzdlMWIzLTU1ODhiOGU3LTQ3ZjkyYTky {"name":"operations/cHJvamVjdHMvZGltc3VyZS05M2ViZC9sb2NhdGlvbnMvdXMtY2VudHJhbDEvb3BlcmF0aW9ucy9vcGVyYXRpb24tMTc1MjY5NzM1NDU3Ni02M2ExMWE3MzdlMWIzLTU1ODhiOGU3LTQ3ZjkyYTky","metadata":{"@type":"type.googleapis.com/google.cloud.functions.v1.OperationMetadataV1","target":"projects/dimsure-93ebd/locations/us-central1/functions/grantProvisionalEditPermissions","type":"CREATE_FUNCTION","request":{"@type":"type.googleapis.com/google.cloud.functions.v1.CloudFunction","name":"projects/dimsure-93ebd/locations/us-central1/functions/grantProvisionalEditPermissions","eventTrigger":{"eventType":"google.pubsub.topic.publish","resource":"projects/dimsure-93ebd/topics/firebase-schedule-grantProvisionalEditPermissions-us-central1","failurePolicy":{}},"entryPoint":"grantProvisionalEditPermissions","updateTime":"1970-01-01T00:00:00Z","labels":{"deployment-tool":"cli-firebase","deployment-scheduled":"true","firebase-functions-hash":"a757661b215726272e535b19110a9ee61b7ffde2"},"sourceUploadUrl":"https://storage.googleapis.com/uploads-280568403776.us-central1.cloudfunctions.appspot.com/f7267bd6-3f98-4225-99a5-62b8cdbbdd69.zip?GoogleAccessId=service-669500898904@gcf-admin-robot.iam.gserviceaccount.com&Expires=1752699152&Signature=AjffCEHPbylVXSb8sDAn1zcu%2BQOpcIADjdpanb01PBab9CW%2Fw6kFmDQquviLNHKtmGTIPLJya%2BxwRBKV22968ld7%2FIMSuaPm1vUXMXEgkyiC1S1qF5sDbXilFyhMBhrPcyNGkposjiOdlUauTuuJC2pxElngbt5rPv53vKHL%2BYpTAidX6sRud3LgT7kgyK371LJ4dhT5J1XHg%2BckhEBFK8hle6jus%2Bd8aBdOI%2FG2s%2BDUkovgZXW1l%2BEqDxhcOyjWuCshllO1xKuo77lIy0lbKLsXzZ2vCVHj0CpeAEMvdjYZ%2Be2Rs3e0auYq1pCMjTBExR6gvl73T0EIlPLplTPZDw%3D%3D","environmentVariables":{"FIREBASE_CONFIG":"{\"projectId\":\"dimsure-93ebd\",\"storageBucket\":\"dimsure-93ebd.firebasestorage.app\"}","GCLOUD_PROJECT":"dimsure-93ebd","EVENTARC_CLOUD_EVENT_SOURCE":"projects/dimsure-93ebd/locations/us-central1/functions/grantProvisionalEditPermissions"},"runtime":"nodejs20","buildEnvironmentVariables":{"GOOGLE_NODE_RUN_SCRIPTS":""},"dockerRegistry":"ARTIFACT_REGISTRY"},"versionId":"1","updateTime":"2025-07-16T20:22:36.294085093Z","buildId":"93fadbf8-4f66-4f84-97c0-25f3b326be16","buildName":"projects/669500898904/locations/us-central1/builds/93fadbf8-4f66-4f84-97c0-25f3b326be16"}}
[debug] [2025-07-16T20:23:45.789Z] [create-default-us-central1-grantProvisionalEditPermissions] Retrying task index 0
[debug] [2025-07-16T20:23:45.789Z] Checked if tokens are valid: true, expires at: 1752699337378
[debug] [2025-07-16T20:23:45.789Z] Checked if tokens are valid: true, expires at: 1752699337378
[debug] [2025-07-16T20:23:45.789Z] >>> [apiv2][query] GET https://cloudfunctions.googleapis.com/v1/operations/cHJvamVjdHMvZGltc3VyZS05M2ViZC9sb2NhdGlvbnMvdXMtY2VudHJhbDEvb3BlcmF0aW9ucy9vcGVyYXRpb24tMTc1MjY5NzM1NDU3Ni02M2ExMWE3MzdlMWIzLTU1ODhiOGU3LTQ3ZjkyYTky [none]
[debug] [2025-07-16T20:23:46.326Z] <<< [apiv2][status] GET https://cloudfunctions.googleapis.com/v1/operations/cHJvamVjdHMvZGltc3VyZS05M2ViZC9sb2NhdGlvbnMvdXMtY2VudHJhbDEvb3BlcmF0aW9ucy9vcGVyYXRpb24tMTc1MjY5NzM1NDU3Ni02M2ExMWE3MzdlMWIzLTU1ODhiOGU3LTQ3ZjkyYTky 200
[debug] [2025-07-16T20:23:46.326Z] <<< [apiv2][body] GET https://cloudfunctions.googleapis.com/v1/operations/cHJvamVjdHMvZGltc3VyZS05M2ViZC9sb2NhdGlvbnMvdXMtY2VudHJhbDEvb3BlcmF0aW9ucy9vcGVyYXRpb24tMTc1MjY5NzM1NDU3Ni02M2ExMWE3MzdlMWIzLTU1ODhiOGU3LTQ3ZjkyYTky {"name":"operations/cHJvamVjdHMvZGltc3VyZS05M2ViZC9sb2NhdGlvbnMvdXMtY2VudHJhbDEvb3BlcmF0aW9ucy9vcGVyYXRpb24tMTc1MjY5NzM1NDU3Ni02M2ExMWE3MzdlMWIzLTU1ODhiOGU3LTQ3ZjkyYTky","metadata":{"@type":"type.googleapis.com/google.cloud.functions.v1.OperationMetadataV1","target":"projects/dimsure-93ebd/locations/us-central1/functions/grantProvisionalEditPermissions","type":"CREATE_FUNCTION","request":{"@type":"type.googleapis.com/google.cloud.functions.v1.CloudFunction","name":"projects/dimsure-93ebd/locations/us-central1/functions/grantProvisionalEditPermissions","eventTrigger":{"eventType":"google.pubsub.topic.publish","resource":"projects/dimsure-93ebd/topics/firebase-schedule-grantProvisionalEditPermissions-us-central1","failurePolicy":{}},"entryPoint":"grantProvisionalEditPermissions","updateTime":"1970-01-01T00:00:00Z","labels":{"deployment-tool":"cli-firebase","deployment-scheduled":"true","firebase-functions-hash":"a757661b215726272e535b19110a9ee61b7ffde2"},"sourceUploadUrl":"https://storage.googleapis.com/uploads-280568403776.us-central1.cloudfunctions.appspot.com/f7267bd6-3f98-4225-99a5-62b8cdbbdd69.zip?GoogleAccessId=service-669500898904@gcf-admin-robot.iam.gserviceaccount.com&Expires=1752699152&Signature=AjffCEHPbylVXSb8sDAn1zcu%2BQOpcIADjdpanb01PBab9CW%2Fw6kFmDQquviLNHKtmGTIPLJya%2BxwRBKV22968ld7%2FIMSuaPm1vUXMXEgkyiC1S1qF5sDbXilFyhMBhrPcyNGkposjiOdlUauTuuJC2pxElngbt5rPv53vKHL%2BYpTAidX6sRud3LgT7kgyK371LJ4dhT5J1XHg%2BckhEBFK8hle6jus%2Bd8aBdOI%2FG2s%2BDUkovgZXW1l%2BEqDxhcOyjWuCshllO1xKuo77lIy0lbKLsXzZ2vCVHj0CpeAEMvdjYZ%2Be2Rs3e0auYq1pCMjTBExR6gvl73T0EIlPLplTPZDw%3D%3D","environmentVariables":{"FIREBASE_CONFIG":"{\"projectId\":\"dimsure-93ebd\",\"storageBucket\":\"dimsure-93ebd.firebasestorage.app\"}","GCLOUD_PROJECT":"dimsure-93ebd","EVENTARC_CLOUD_EVENT_SOURCE":"projects/dimsure-93ebd/locations/us-central1/functions/grantProvisionalEditPermissions"},"runtime":"nodejs20","buildEnvironmentVariables":{"GOOGLE_NODE_RUN_SCRIPTS":""},"dockerRegistry":"ARTIFACT_REGISTRY"},"versionId":"1","updateTime":"2025-07-16T20:22:36.294085093Z","buildId":"93fadbf8-4f66-4f84-97c0-25f3b326be16","buildName":"projects/669500898904/locations/us-central1/builds/93fadbf8-4f66-4f84-97c0-25f3b326be16"}}
[debug] [2025-07-16T20:23:56.329Z] [create-default-us-central1-grantProvisionalEditPermissions] Retrying task index 0
[debug] [2025-07-16T20:23:56.329Z] Checked if tokens are valid: true, expires at: 1752699337378
[debug] [2025-07-16T20:23:56.330Z] Checked if tokens are valid: true, expires at: 1752699337378
[debug] [2025-07-16T20:23:56.330Z] >>> [apiv2][query] GET https://cloudfunctions.googleapis.com/v1/operations/cHJvamVjdHMvZGltc3VyZS05M2ViZC9sb2NhdGlvbnMvdXMtY2VudHJhbDEvb3BlcmF0aW9ucy9vcGVyYXRpb24tMTc1MjY5NzM1NDU3Ni02M2ExMWE3MzdlMWIzLTU1ODhiOGU3LTQ3ZjkyYTky [none]
[debug] [2025-07-16T20:23:56.884Z] <<< [apiv2][status] GET https://cloudfunctions.googleapis.com/v1/operations/cHJvamVjdHMvZGltc3VyZS05M2ViZC9sb2NhdGlvbnMvdXMtY2VudHJhbDEvb3BlcmF0aW9ucy9vcGVyYXRpb24tMTc1MjY5NzM1NDU3Ni02M2ExMWE3MzdlMWIzLTU1ODhiOGU3LTQ3ZjkyYTky 200
[debug] [2025-07-16T20:23:56.884Z] <<< [apiv2][body] GET https://cloudfunctions.googleapis.com/v1/operations/cHJvamVjdHMvZGltc3VyZS05M2ViZC9sb2NhdGlvbnMvdXMtY2VudHJhbDEvb3BlcmF0aW9ucy9vcGVyYXRpb24tMTc1MjY5NzM1NDU3Ni02M2ExMWE3MzdlMWIzLTU1ODhiOGU3LTQ3ZjkyYTky {"name":"operations/cHJvamVjdHMvZGltc3VyZS05M2ViZC9sb2NhdGlvbnMvdXMtY2VudHJhbDEvb3BlcmF0aW9ucy9vcGVyYXRpb24tMTc1MjY5NzM1NDU3Ni02M2ExMWE3MzdlMWIzLTU1ODhiOGU3LTQ3ZjkyYTky","metadata":{"@type":"type.googleapis.com/google.cloud.functions.v1.OperationMetadataV1","target":"projects/dimsure-93ebd/locations/us-central1/functions/grantProvisionalEditPermissions","type":"CREATE_FUNCTION","request":{"@type":"type.googleapis.com/google.cloud.functions.v1.CloudFunction","name":"projects/dimsure-93ebd/locations/us-central1/functions/grantProvisionalEditPermissions","eventTrigger":{"eventType":"google.pubsub.topic.publish","resource":"projects/dimsure-93ebd/topics/firebase-schedule-grantProvisionalEditPermissions-us-central1","failurePolicy":{}},"entryPoint":"grantProvisionalEditPermissions","updateTime":"1970-01-01T00:00:00Z","labels":{"deployment-tool":"cli-firebase","deployment-scheduled":"true","firebase-functions-hash":"a757661b215726272e535b19110a9ee61b7ffde2"},"sourceUploadUrl":"https://storage.googleapis.com/uploads-280568403776.us-central1.cloudfunctions.appspot.com/f7267bd6-3f98-4225-99a5-62b8cdbbdd69.zip?GoogleAccessId=service-669500898904@gcf-admin-robot.iam.gserviceaccount.com&Expires=1752699152&Signature=AjffCEHPbylVXSb8sDAn1zcu%2BQOpcIADjdpanb01PBab9CW%2Fw6kFmDQquviLNHKtmGTIPLJya%2BxwRBKV22968ld7%2FIMSuaPm1vUXMXEgkyiC1S1qF5sDbXilFyhMBhrPcyNGkposjiOdlUauTuuJC2pxElngbt5rPv53vKHL%2BYpTAidX6sRud3LgT7kgyK371LJ4dhT5J1XHg%2BckhEBFK8hle6jus%2Bd8aBdOI%2FG2s%2BDUkovgZXW1l%2BEqDxhcOyjWuCshllO1xKuo77lIy0lbKLsXzZ2vCVHj0CpeAEMvdjYZ%2Be2Rs3e0auYq1pCMjTBExR6gvl73T0EIlPLplTPZDw%3D%3D","environmentVariables":{"FIREBASE_CONFIG":"{\"projectId\":\"dimsure-93ebd\",\"storageBucket\":\"dimsure-93ebd.firebasestorage.app\"}","GCLOUD_PROJECT":"dimsure-93ebd","EVENTARC_CLOUD_EVENT_SOURCE":"projects/dimsure-93ebd/locations/us-central1/functions/grantProvisionalEditPermissions"},"runtime":"nodejs20","buildEnvironmentVariables":{"GOOGLE_NODE_RUN_SCRIPTS":""},"dockerRegistry":"ARTIFACT_REGISTRY"},"versionId":"1","updateTime":"2025-07-16T20:22:36.294085093Z","buildId":"93fadbf8-4f66-4f84-97c0-25f3b326be16","sourceToken":"c20fa1ee-8ef5-47f1-8567-be6675e1fec0","buildName":"projects/669500898904/locations/us-central1/builds/93fadbf8-4f66-4f84-97c0-25f3b326be16"}}
[debug] [2025-07-16T20:23:56.884Z] Got source token c20fa1ee-8ef5-47f1-8567-be6675e1fec0 for region us-central1
[debug] [2025-07-16T20:24:06.892Z] [create-default-us-central1-grantProvisionalEditPermissions] Retrying task index 0
[debug] [2025-07-16T20:24:06.892Z] Checked if tokens are valid: true, expires at: 1752699337378
[debug] [2025-07-16T20:24:06.892Z] Checked if tokens are valid: true, expires at: 1752699337378
[debug] [2025-07-16T20:24:06.892Z] >>> [apiv2][query] GET https://cloudfunctions.googleapis.com/v1/operations/cHJvamVjdHMvZGltc3VyZS05M2ViZC9sb2NhdGlvbnMvdXMtY2VudHJhbDEvb3BlcmF0aW9ucy9vcGVyYXRpb24tMTc1MjY5NzM1NDU3Ni02M2ExMWE3MzdlMWIzLTU1ODhiOGU3LTQ3ZjkyYTky [none]
[debug] [2025-07-16T20:24:07.489Z] <<< [apiv2][status] GET https://cloudfunctions.googleapis.com/v1/operations/cHJvamVjdHMvZGltc3VyZS05M2ViZC9sb2NhdGlvbnMvdXMtY2VudHJhbDEvb3BlcmF0aW9ucy9vcGVyYXRpb24tMTc1MjY5NzM1NDU3Ni02M2ExMWE3MzdlMWIzLTU1ODhiOGU3LTQ3ZjkyYTky 200
[debug] [2025-07-16T20:24:07.489Z] <<< [apiv2][body] GET https://cloudfunctions.googleapis.com/v1/operations/cHJvamVjdHMvZGltc3VyZS05M2ViZC9sb2NhdGlvbnMvdXMtY2VudHJhbDEvb3BlcmF0aW9ucy9vcGVyYXRpb24tMTc1MjY5NzM1NDU3Ni02M2ExMWE3MzdlMWIzLTU1ODhiOGU3LTQ3ZjkyYTky {"name":"operations/cHJvamVjdHMvZGltc3VyZS05M2ViZC9sb2NhdGlvbnMvdXMtY2VudHJhbDEvb3BlcmF0aW9ucy9vcGVyYXRpb24tMTc1MjY5NzM1NDU3Ni02M2ExMWE3MzdlMWIzLTU1ODhiOGU3LTQ3ZjkyYTky","metadata":{"@type":"type.googleapis.com/google.cloud.functions.v1.OperationMetadataV1","target":"projects/dimsure-93ebd/locations/us-central1/functions/grantProvisionalEditPermissions","type":"CREATE_FUNCTION","request":{"@type":"type.googleapis.com/google.cloud.functions.v1.CloudFunction","name":"projects/dimsure-93ebd/locations/us-central1/functions/grantProvisionalEditPermissions","eventTrigger":{"eventType":"google.pubsub.topic.publish","resource":"projects/dimsure-93ebd/topics/firebase-schedule-grantProvisionalEditPermissions-us-central1","failurePolicy":{}},"entryPoint":"grantProvisionalEditPermissions","updateTime":"1970-01-01T00:00:00Z","labels":{"deployment-tool":"cli-firebase","deployment-scheduled":"true","firebase-functions-hash":"a757661b215726272e535b19110a9ee61b7ffde2"},"sourceUploadUrl":"https://storage.googleapis.com/uploads-280568403776.us-central1.cloudfunctions.appspot.com/f7267bd6-3f98-4225-99a5-62b8cdbbdd69.zip?GoogleAccessId=service-669500898904@gcf-admin-robot.iam.gserviceaccount.com&Expires=1752699152&Signature=AjffCEHPbylVXSb8sDAn1zcu%2BQOpcIADjdpanb01PBab9CW%2Fw6kFmDQquviLNHKtmGTIPLJya%2BxwRBKV22968ld7%2FIMSuaPm1vUXMXEgkyiC1S1qF5sDbXilFyhMBhrPcyNGkposjiOdlUauTuuJC2pxElngbt5rPv53vKHL%2BYpTAidX6sRud3LgT7kgyK371LJ4dhT5J1XHg%2BckhEBFK8hle6jus%2Bd8aBdOI%2FG2s%2BDUkovgZXW1l%2BEqDxhcOyjWuCshllO1xKuo77lIy0lbKLsXzZ2vCVHj0CpeAEMvdjYZ%2Be2Rs3e0auYq1pCMjTBExR6gvl73T0EIlPLplTPZDw%3D%3D","environmentVariables":{"FIREBASE_CONFIG":"{\"projectId\":\"dimsure-93ebd\",\"storageBucket\":\"dimsure-93ebd.firebasestorage.app\"}","GCLOUD_PROJECT":"dimsure-93ebd","EVENTARC_CLOUD_EVENT_SOURCE":"projects/dimsure-93ebd/locations/us-central1/functions/grantProvisionalEditPermissions"},"runtime":"nodejs20","buildEnvironmentVariables":{"GOOGLE_NODE_RUN_SCRIPTS":""},"dockerRegistry":"ARTIFACT_REGISTRY"},"versionId":"1","updateTime":"2025-07-16T20:24:05.499453012Z","buildId":"93fadbf8-4f66-4f84-97c0-25f3b326be16","sourceToken":"c20fa1ee-8ef5-47f1-8567-be6675e1fec0","buildName":"projects/669500898904/locations/us-central1/builds/93fadbf8-4f66-4f84-97c0-25f3b326be16"},"done":true,"response":{"@type":"type.googleapis.com/google.cloud.functions.v1.CloudFunction","name":"projects/dimsure-93ebd/locations/us-central1/functions/grantProvisionalEditPermissions","eventTrigger":{"eventType":"google.pubsub.topic.publish","resource":"projects/dimsure-93ebd/topics/firebase-schedule-grantProvisionalEditPermissions-us-central1","service":"pubsub.googleapis.com","failurePolicy":{}},"status":"ACTIVE","entryPoint":"grantProvisionalEditPermissions","timeout":"60s","availableMemoryMb":256,"serviceAccountEmail":"dimsure-93ebd@appspot.gserviceaccount.com","updateTime":"2025-07-16T20:22:36.290547683Z","versionId":"1","labels":{"deployment-tool":"cli-firebase","deployment-scheduled":"true","firebase-functions-hash":"a757661b215726272e535b19110a9ee61b7ffde2"},"sourceUploadUrl":"https://storage.googleapis.com/uploads-280568403776.us-central1.cloudfunctions.appspot.com/f7267bd6-3f98-4225-99a5-62b8cdbbdd69.zip","environmentVariables":{"FIREBASE_CONFIG":"{\"projectId\":\"dimsure-93ebd\",\"storageBucket\":\"dimsure-93ebd.firebasestorage.app\"}","GCLOUD_PROJECT":"dimsure-93ebd","EVENTARC_CLOUD_EVENT_SOURCE":"projects/dimsure-93ebd/locations/us-central1/functions/grantProvisionalEditPermissions"},"runtime":"nodejs20","maxInstances":3000,"ingressSettings":"ALLOW_ALL","buildId":"93fadbf8-4f66-4f84-97c0-25f3b326be16","buildEnvironmentVariables":{"GOOGLE_NODE_RUN_SCRIPTS":""},"buildName":"projects/669500898904/locations/us-central1/builds/93fadbf8-4f66-4f84-97c0-25f3b326be16","dockerRegistry":"ARTIFACT_REGISTRY","automaticUpdatePolicy":{},"buildServiceAccount":"projects/dimsure-93ebd/serviceAccounts/669500898904-compute@developer.gserviceaccount.com","satisfiesPzi":true}}
[debug] [2025-07-16T20:24:07.489Z] Got source token c20fa1ee-8ef5-47f1-8567-be6675e1fec0 for region us-central1
[debug] [2025-07-16T20:24:07.490Z] Checked if tokens are valid: true, expires at: 1752699337378
[debug] [2025-07-16T20:24:07.490Z] Checked if tokens are valid: true, expires at: 1752699337378
[debug] [2025-07-16T20:24:07.491Z] >>> [apiv2][query] GET https://cloudscheduler.googleapis.com/v1/projects/dimsure-93ebd/locations/us-central1/jobs/firebase-schedule-grantProvisionalEditPermissions-us-central1 [none]
[debug] [2025-07-16T20:24:08.624Z] <<< [apiv2][status] GET https://cloudscheduler.googleapis.com/v1/projects/dimsure-93ebd/locations/us-central1/jobs/firebase-schedule-grantProvisionalEditPermissions-us-central1 404
[debug] [2025-07-16T20:24:08.624Z] <<< [apiv2][body] GET https://cloudscheduler.googleapis.com/v1/projects/dimsure-93ebd/locations/us-central1/jobs/firebase-schedule-grantProvisionalEditPermissions-us-central1 {"error":{"code":404,"message":"Job not found.","status":"NOT_FOUND"}}
[debug] [2025-07-16T20:24:08.625Z] Checked if tokens are valid: true, expires at: 1752699337378
[debug] [2025-07-16T20:24:08.625Z] Checked if tokens are valid: true, expires at: 1752699337378
[debug] [2025-07-16T20:24:08.625Z] >>> [apiv2][query] POST https://cloudscheduler.googleapis.com/v1/projects/dimsure-93ebd/locations/us-central1/jobs [none]
[debug] [2025-07-16T20:24:08.625Z] >>> [apiv2][body] POST https://cloudscheduler.googleapis.com/v1/projects/dimsure-93ebd/locations/us-central1/jobs {"timeZone":"America/Los_Angeles","name":"projects/dimsure-93ebd/locations/us-central1/jobs/firebase-schedule-grantProvisionalEditPermissions-us-central1","pubsubTarget":{"topicName":"projects/dimsure-93ebd/topics/firebase-schedule-grantProvisionalEditPermissions-us-central1","attributes":{"scheduled":"true"}},"schedule":"every 1 hours","retryConfig":{"maxDoublings":null,"retryCount":null,"maxBackoffDuration":null,"minBackoffDuration":null,"maxRetryDuration":null}}
[debug] [2025-07-16T20:24:12.830Z] <<< [apiv2][status] POST https://cloudscheduler.googleapis.com/v1/projects/dimsure-93ebd/locations/us-central1/jobs 200
[debug] [2025-07-16T20:24:12.830Z] <<< [apiv2][body] POST https://cloudscheduler.googleapis.com/v1/projects/dimsure-93ebd/locations/us-central1/jobs {"name":"projects/dimsure-93ebd/locations/us-central1/jobs/firebase-schedule-grantProvisionalEditPermissions-us-central1","pubsubTarget":{"topicName":"projects/dimsure-93ebd/topics/firebase-schedule-grantProvisionalEditPermissions-us-central1","attributes":{"scheduled":"true"}},"userUpdateTime":"2025-07-16T20:24:14Z","state":"ENABLED","retryConfig":{"maxRetryDuration":"0s","minBackoffDuration":"5s","maxBackoffDuration":"3600s","maxDoublings":5},"schedule":"every 1 hours","timeZone":"America/Los_Angeles"}
[debug] [2025-07-16T20:24:12.830Z] created scheduler job firebase-schedule-grantProvisionalEditPermissions-us-central1
[info] +  functions[grantProvisionalEditPermissions(us-central1)] Successful create operation. 
[debug] [2025-07-16T20:24:12.837Z] Total Function Deployment time: 100906
[debug] [2025-07-16T20:24:12.837Z] 1 Functions Deployed
[debug] [2025-07-16T20:24:12.837Z] 0 Functions Errored
[debug] [2025-07-16T20:24:12.837Z] 0 Function Deployments Aborted
[debug] [2025-07-16T20:24:12.837Z] Average Function Deployment time: 100905
[debug] [2025-07-16T20:24:12.895Z] Checked if tokens are valid: true, expires at: 1752699337378
[debug] [2025-07-16T20:24:12.895Z] Checked if tokens are valid: true, expires at: 1752699337378
[debug] [2025-07-16T20:24:12.896Z] >>> [apiv2][query] GET https://artifactregistry.googleapis.com/v1/projects/dimsure-93ebd/locations/us-central1/repositories/gcf-artifacts [none]
[debug] [2025-07-16T20:24:13.968Z] <<< [apiv2][status] GET https://artifactregistry.googleapis.com/v1/projects/dimsure-93ebd/locations/us-central1/repositories/gcf-artifacts 200
[debug] [2025-07-16T20:24:13.968Z] <<< [apiv2][body] GET https://artifactregistry.googleapis.com/v1/projects/dimsure-93ebd/locations/us-central1/repositories/gcf-artifacts {"name":"projects/dimsure-93ebd/locations/us-central1/repositories/gcf-artifacts","format":"DOCKER","description":"This repository is created and used by Cloud Functions for storing function docker images.","labels":{"goog-managed-by":"cloudfunctions"},"createTime":"2025-07-16T20:22:47.811451Z","updateTime":"2025-07-16T20:23:38.440402Z","mode":"STANDARD_REPOSITORY","sizeBytes":"494543301","vulnerabilityScanningConfig":{"lastEnableTime":"2025-07-16T20:22:39.462498970Z","enablementState":"SCANNING_DISABLED","enablementStateReason":"API containerscanning.googleapis.com is not enabled."},"satisfiesPzi":true,"registryUri":"us-central1-docker.pkg.dev/dimsure-93ebd/gcf-artifacts"}
[warn] !  functions: No cleanup policy detected for repositories in us-central1. This may result in a small monthly bill as container images accumulate over time. 
